[2021-08-01 02:36:05][DB:section][info]: SELECT * FROM `section` ;  
[2021-08-01 02:39:01][DB:section][info]: SELECT * FROM `section` ;  
[2021-08-01 02:46:43][DB:section][info]: SELECT * FROM `section` ;  
[2021-08-01 02:46:47][DB:section][info]: SELECT * FROM `section` ;  
[2021-08-01 02:46:48][DB:section][info]: SELECT * FROM `section` ;  
[2021-08-01 02:46:49][DB:section][info]: SELECT * FROM `section` ;  
[2021-08-01 02:46:51][DB:section][info]: SELECT * FROM `section` ;  
[2021-08-01 02:46:51][DB:section][info]: SELECT * FROM `section` ;  
[2021-08-01 02:46:52][DB:section][info]: SELECT * FROM `section` ;  
[2021-08-01 02:46:53][DB:section][info]: SELECT * FROM `section` ;  
[2021-08-01 02:46:53][DB:section][info]: SELECT * FROM `section` ;  
[2021-08-01 02:46:54][DB:section][info]: SELECT * FROM `section` ;  
[2021-08-01 02:46:54][DB:section][info]: SELECT * FROM `section` ;  
[2021-08-01 02:46:55][DB:section][info]: SELECT * FROM `section` ;  
[2021-08-01 02:46:55][DB:section][info]: SELECT * FROM `section` ;  
[2021-08-01 02:46:56][DB:section][info]: SELECT * FROM `section` ;  
[2021-08-01 02:46:56][DB:section][info]: SELECT * FROM `section` ;  
[2021-08-01 02:46:56][DB:section][info]: SELECT * FROM `section` ;  
[2021-08-01 02:46:57][DB:section][info]: SELECT * FROM `section` ;  
[2021-08-01 02:47:02][DB:section][info]: SELECT * FROM `section` ;  
[2021-08-01 02:47:02][DB:section][info]: SELECT * FROM `section` ;  
[2021-08-01 02:47:03][DB:section][info]: SELECT * FROM `section` ;  
[2021-08-01 02:47:04][DB:section][info]: SELECT * FROM `section` ;  
[2021-08-01 02:47:04][DB:section][info]: SELECT * FROM `section` ;  
[2021-08-01 02:47:05][DB:section][info]: SELECT * FROM `section` ;  
[2021-08-01 02:47:05][DB:section][info]: SELECT * FROM `section` ;  
[2021-08-01 02:47:26][DB:section][info]: SELECT * FROM `section` ;  
[2021-08-01 02:47:41][DB:section][info]: SELECT * FROM `section` ;  
[2021-08-01 02:47:49][DB:section][info]: SELECT * FROM `section` ;  
[2021-08-01 02:48:03][DB:section][info]: SELECT * FROM `section` ;  
[2021-08-01 02:48:15][DB:section][info]: SELECT * FROM `section` ;  
[2021-08-01 02:48:16][DB:section][info]: SELECT * FROM `section` ;  
[2021-08-01 02:48:30][DB:section][info]: SELECT * FROM `section` ;  
[2021-08-01 02:48:37][DB:section][info]: SELECT * FROM `section` ;  
[2021-08-01 02:48:41][DB:section][info]: SELECT * FROM `section` ;  
[2021-08-01 02:48:50][DB:section][info]: SELECT * FROM `section` ;  
[2021-08-01 02:48:58][DB:section][info]: SELECT * FROM `section` ;  
[2021-08-01 02:49:04][DB:section][info]: SELECT * FROM `section` ;  
[2021-08-01 02:49:22][DB:section][info]: SELECT * FROM `section` ;  
[2021-08-01 02:49:23][DB:section][info]: SELECT * FROM `section` ;  
[2021-08-01 02:49:23][DB:section][info]: SELECT * FROM `section` ;  
[2021-08-01 02:54:35][DB:section][info]: SELECT * FROM `section` ;  
[2021-08-01 02:54:36][DB:section][info]: SELECT * FROM `section` ;  
[2021-08-01 02:55:52][DB:section][info]: SELECT * FROM `section` ;  
[2021-08-01 02:56:24][DB:section][info]: SELECT * FROM `section` ;  
[2021-08-01 02:56:44][DB:section][info]: SELECT * FROM `section` ;  
[2021-08-01 02:56:55][DB:section][info]: SELECT * FROM `section` ;  
[2021-08-01 02:56:59][DB:section][info]: SELECT * FROM `section` ;  
[2021-08-01 02:57:03][DB:section][info]: SELECT * FROM `section` ;  
[2021-08-01 02:57:10][DB:section][info]: SELECT * FROM `section` ;  
[2021-08-01 03:07:35][DB:users][info]: SELECT * FROM `users` ;  
[2021-08-01 03:10:07][DB:section][info]: SELECT * FROM `section` ;  
[2021-08-01 03:10:28][DB:users][info]: SELECT * FROM `users` ;  
[2021-08-01 03:11:26][DB:users][info]: SELECT * FROM `users` ;  
[2021-08-01 03:13:42][DB:users][info]: SELECT * FROM `users` ;  
[2021-08-01 03:13:43][DB:users][info]: SELECT * FROM `users` ;  
[2021-08-01 03:14:21][DB:users][info]: SELECT * FROM `users` ;  
[2021-08-01 03:14:21][DB:users][info]: SELECT * FROM `users` ;  
[2021-08-01 03:14:22][DB:users][info]: SELECT * FROM `users` ;  
[2021-08-01 03:14:22][DB:users][info]: SELECT * FROM `users` ;  
[2021-08-01 03:14:22][DB:users][info]: SELECT * FROM `users` ;  
[2021-08-01 03:14:23][DB:users][info]: SELECT * FROM `users` ;  
[2021-08-01 03:14:23][DB:users][info]: SELECT * FROM `users` ;  
[2021-08-01 03:14:23][DB:users][info]: SELECT * FROM `users` ;  
[2021-08-01 03:14:23][DB:users][info]: SELECT * FROM `users` ;  
[2021-08-01 03:14:23][DB:users][info]: SELECT * FROM `users` ;  
[2021-08-01 03:14:23][DB:users][info]: SELECT * FROM `users` ;  
[2021-08-01 03:14:24][DB:users][info]: SELECT * FROM `users` ;  
[2021-08-01 03:14:24][DB:users][info]: SELECT * FROM `users` ;  
[2021-08-01 03:14:24][DB:users][info]: SELECT * FROM `users` ;  
[2021-08-01 03:14:25][DB:users][info]: SELECT * FROM `users` ;  
[2021-08-01 03:14:25][DB:users][info]: SELECT * FROM `users` ;  
[2021-08-01 03:14:26][DB:users][info]: SELECT * FROM `users` ;  
[2021-08-01 03:14:27][DB:users][info]: SELECT * FROM `users` ;  
[2021-08-01 03:14:28][DB:users][info]: SELECT * FROM `users` ;  
[2021-08-01 03:14:28][DB:users][info]: SELECT * FROM `users` ;  
[2021-08-01 03:14:29][DB:users][info]: SELECT * FROM `users` ;  
[2021-08-01 03:14:29][DB:users][info]: SELECT * FROM `users` ;  
[2021-08-01 03:14:30][DB:users][info]: SELECT * FROM `users` ;  
[2021-08-01 03:14:31][DB:users][info]: SELECT * FROM `users` ;  
[2021-08-01 03:14:31][DB:users][info]: SELECT * FROM `users` ;  
[2021-08-01 03:14:31][DB:users][info]: SELECT * FROM `users` ;  
[2021-08-01 03:14:32][DB:users][info]: SELECT * FROM `users` ;  
[2021-08-01 03:14:32][DB:users][info]: SELECT * FROM `users` ;  
[2021-08-01 03:14:58][DB:users][info]: SELECT * FROM `users` ;  
[2021-08-01 03:15:38][DB:users][info]: SELECT * FROM `users` ;  
[2021-08-01 03:15:43][DB:users][info]: SELECT * FROM `users` ;  
[2021-08-01 03:15:50][DB:m_cat][info]: SELECT * FROM `m_cat` ;  
[2021-08-01 03:15:56][DB:m_cat][info]: DELETE FROM `m_cat` WHERE  `id` = '100'  ;  
[2021-08-01 03:15:57][DB:m_cat][info]: SELECT * FROM `m_cat` ;  
[2021-08-01 03:16:06][DB:m_cat][info]: DELETE FROM `m_cat` WHERE  `id` = '102'  ;  
[2021-08-01 03:16:07][DB:m_cat][info]: SELECT * FROM `m_cat` ;  
[2021-08-01 03:16:10][DB:m_cat][info]: SELECT * FROM `m_cat` WHERE  `id` = '101'  ;  
[2021-08-01 03:17:49][DB:m_cat][info]: SELECT * FROM `m_cat` WHERE  `id` = '101'  ;  
[2021-08-01 03:17:51][DB:m_cat][info]: SELECT * FROM `m_cat` ;  
[2021-08-01 03:17:51][DB:m_cat][info]: SELECT * FROM `m_cat` ;  
[2021-08-01 03:17:57][DB:section][info]: SELECT * FROM `section` ;  
[2021-08-01 03:17:57][DB:section][info]: SELECT * FROM `section` ;  
[2021-08-01 03:22:35][DB:section][info]: SELECT * FROM `section` ;  
[2021-08-01 03:22:37][DB:section][info]: SELECT * FROM `section` ;  
[2021-08-01 03:22:38][DB:section][info]: SELECT * FROM `section` ;  
