[2021-08-06 05:00:24][DB:users][info]: SELECT * FROM `users` ;  
[2021-08-06 05:00:40][DB:users][info]: SELECT * FROM `users` WHERE  `id` = '2'  ;  
[2021-08-06 05:06:29][DB:users][info]: SELECT * FROM `users` WHERE  `id` = '2'  ;  
[2021-08-06 05:06:42][DB:users][info]: SELECT * FROM `users` WHERE  `id` = '2'  ;  
[2021-08-06 05:07:06][DB:users][info]: SELECT * FROM `users` WHERE  `id` = '2'  ;  
[2021-08-06 05:07:15][DB:m_cat][info]: SELECT * FROM `m_cat` WHERE  `id` = '2'  ;  
[2021-08-06 05:07:17][DB:m_cat][info]: SELECT * FROM `m_cat` WHERE  `id` = '2'  ;  
[2021-08-06 05:07:20][DB:users][info]: SELECT * FROM `users` WHERE  `id` = '2'  ;  
[2021-08-06 05:09:32][DB:users][info]: SELECT * FROM `users` WHERE  `id` = '2'  ;  
[2021-08-06 05:09:33][DB:users][info]: SELECT * FROM `users` WHERE  `id` = '2'  ;  
[2021-08-06 05:09:37][DB:m_cat][info]: SELECT * FROM `m_cat` WHERE  `id` = '2'  ;  
[2021-08-06 05:10:07][DB:users][info]: SELECT * FROM `users` WHERE  `id` = '2'  ;  
[2021-08-06 05:10:45][DB:users][info]: SELECT * FROM `users` WHERE  `id` = '2'  ;  
[2021-08-06 05:15:49][DB:users][info]: SELECT * FROM `users` WHERE  `id` = '2'  ;  
[2021-08-06 05:18:25][DB:users][info]: SELECT * FROM `users` WHERE  `id` = '2'  ;  
[2021-08-06 05:18:54][DB:users][info]: SELECT * FROM `users` WHERE  `id` = '2'  ;  
[2021-08-06 05:19:33][DB:users][info]: SELECT * FROM `users` WHERE  `id` = '2'  ;  
[2021-08-06 05:19:40][DB:users][info]: SELECT * FROM `users` WHERE  `id` = '2'  ;  
[2021-08-06 05:20:11][DB:users][info]: SELECT * FROM `users` WHERE  `id` = '2'  ;  
[2021-08-06 03:20:11][DB:permissions][info]: SELECT * FROM `permissions` ;  
[2021-08-06 05:21:07][DB:m_cat][info]: SELECT * FROM `m_cat` WHERE  `id` = '2'  ;  
[2021-08-06 05:26:06][DB:users][info]: SELECT * FROM `users` WHERE  `id` = '2'  ;  
[2021-08-06 03:26:06][DB:permissions][info]: SELECT * FROM `permissions` ;  
[2021-08-06 05:26:09][DB:users][info]: SELECT * FROM `users` ;  
[2021-08-06 05:26:09][DB:users][info]: SELECT * FROM `users` ;  
[2021-08-06 05:26:12][DB:users][info]: SELECT * FROM `users` WHERE  `id` = '2'  ;  
[2021-08-06 03:26:12][DB:permissions][info]: SELECT * FROM `permissions` ;  
[2021-08-06 05:28:39][DB:users][info]: SELECT * FROM `users` WHERE  `id` = '2'  ;  
[2021-08-06 05:28:42][DB:users][info]: SELECT * FROM `users` WHERE  `id` = '2'  ;  
[2021-08-06 05:28:42][DB:users][info]: SELECT * FROM `users` WHERE  `id` = '2'  ;  
[2021-08-06 05:28:43][DB:users][info]: SELECT * FROM `users` WHERE  `id` = '2'  ;  
[2021-08-06 05:28:43][DB:users][info]: SELECT * FROM `users` WHERE  `id` = '2'  ;  
[2021-08-06 05:28:43][DB:users][info]: SELECT * FROM `users` WHERE  `id` = '2'  ;  
[2021-08-06 05:29:14][DB:users][info]: SELECT * FROM `users` WHERE  `id` = '1'  ;  
[2021-08-06 05:29:20][DB:users][info]: SELECT * FROM `users` WHERE  `id` = '1'  ;  
[2021-08-06 05:29:23][DB:users][info]: SELECT * FROM `users` WHERE  `id` = '1'  ;  
[2021-08-06 05:29:33][DB:users][info]: SELECT * FROM `users` WHERE  `id` = '1'  ;  
[2021-08-06 03:29:33][DB:permissions][info]: SELECT * FROM `permissions` WHERE  `user_id` = '1'  ;  
[2021-08-06 05:29:38][DB:users][info]: SELECT * FROM `users` WHERE  `id` = '1'  ;  
[2021-08-06 03:29:38][DB:permissions][info]: SELECT * FROM `permissions` WHERE  `user_id` = '2'  ;  
[2021-08-06 05:29:45][DB:users][info]: SELECT * FROM `users` WHERE  `id` = '1'  ;  
[2021-08-06 03:29:45][DB:permissions][info]: SELECT * FROM `permissions` WHERE  `user_id` = '2'  ;  
[2021-08-06 05:29:57][DB:users][info]: SELECT * FROM `users` WHERE  `id` = '2'  ;  
[2021-08-06 03:29:57][DB:permissions][info]: SELECT * FROM `permissions` WHERE  `user_id` = '2'  ;  
[2021-08-06 05:30:02][DB:users][info]: SELECT * FROM `users` WHERE  `id` = '2'  ;  
[2021-08-06 03:30:02][DB:permissions][info]: SELECT * FROM `permissions` WHERE  `user_id` = '2'  ;  
[2021-08-06 05:31:34][DB:users][info]: SELECT * FROM `users` ;  
[2021-08-06 05:31:36][DB:users][info]: SELECT * FROM `users` WHERE  `id` = '1'  ;  
[2021-08-06 03:31:36][DB:permissions][info]: SELECT * FROM `permissions` WHERE  `user_id` = '1'  ;  
[2021-08-06 05:31:39][DB:users][info]: SELECT * FROM `users` WHERE  `id` = '2'  ;  
[2021-08-06 03:31:39][DB:permissions][info]: SELECT * FROM `permissions` WHERE  `user_id` = '2'  ;  
[2021-08-06 05:31:42][DB:users][info]: SELECT * FROM `users` WHERE  `id` = '8'  ;  
[2021-08-06 03:31:42][DB:permissions][info]: SELECT * FROM `permissions` WHERE  `user_id` = '8'  ;  
[2021-08-06 05:31:45][DB:users][info]: SELECT * FROM `users` WHERE  `id` = '8'  ;  
[2021-08-06 03:31:45][DB:permissions][info]: SELECT * FROM `permissions` WHERE  `user_id` = '8'  ;  
[2021-08-06 05:32:05][DB:users][info]: SELECT * FROM `users` WHERE  `id` = '1'  ;  
[2021-08-06 03:32:05][DB:permissions][info]: SELECT * FROM `permissions` WHERE  `user_id` = '1'  ;  
[2021-08-06 05:32:08][DB:users][info]: SELECT * FROM `users` WHERE  `id` = '2'  ;  
[2021-08-06 03:32:08][DB:permissions][info]: SELECT * FROM `permissions` WHERE  `user_id` = '2'  ;  
[2021-08-06 05:34:36][DB:users][info]: SELECT * FROM `users` ;  
[2021-08-06 05:34:37][DB:users][info]: SELECT * FROM `users` WHERE  `id` = '2'  ;  
[2021-08-06 05:46:36][DB:users][info]: SELECT * FROM `users` WHERE  `id` = '2'  ;  
[2021-08-06 05:46:55][DB:users][info]: SELECT * FROM `users` WHERE  `id` = '1'  ;  
[2021-08-06 03:46:55][DB:permissions][info]: SELECT * FROM `permissions` WHERE  `user_id` = '1'  ;  
[2021-08-06 05:48:27][DB:users][info]: SELECT * FROM `users` WHERE  `id` = '2'  ;  
[2021-08-06 03:48:27][DB:users][info]: SELECT * FROM `users` WHERE  `id` = '2'  ;  
[2021-08-06 03:48:27][DB:permissions][info]: SELECT * FROM `permissions` WHERE  `user_id` = '2'  ;  
[2021-08-06 05:48:33][DB:users][info]: SELECT * FROM `users` WHERE  `id` = '1'  ;  
[2021-08-06 03:48:33][DB:users][info]: SELECT * FROM `users` WHERE  `id` = '1'  ;  
[2021-08-06 03:48:33][DB:permissions][info]: SELECT * FROM `permissions` WHERE  `user_id` = '1'  ;  
[2021-08-06 05:49:23][DB:users][info]: SELECT * FROM `users` WHERE  `id` = '1'  ;  
[2021-08-06 03:49:23][DB:users][info]: SELECT * FROM `users` WHERE  `id` = '1'  ;  
[2021-08-06 03:49:23][DB:permissions][info]: SELECT * FROM `permissions` WHERE  `user_id` = '1'  ;  
[2021-08-06 03:49:23][DB:permissions][info]: SELECT * FROM `permissions` ;  
[2021-08-06 05:49:33][DB:users][info]: SELECT * FROM `users` WHERE  `id` = '2'  ;  
[2021-08-06 03:49:33][DB:users][info]: SELECT * FROM `users` WHERE  `id` = '2'  ;  
[2021-08-06 03:49:33][DB:permissions][info]: SELECT * FROM `permissions` WHERE  `user_id` = '2'  ;  
[2021-08-06 03:49:33][DB:permissions][info]: SELECT * FROM `permissions` ;  
[2021-08-06 05:49:36][DB:users][info]: SELECT * FROM `users` WHERE  `id` = '6'  ;  
[2021-08-06 03:49:36][DB:users][info]: SELECT * FROM `users` WHERE  `id` = '6'  ;  
[2021-08-06 03:49:36][DB:permissions][info]: SELECT * FROM `permissions` WHERE  `user_id` = '6'  ;  
[2021-08-06 03:49:36][DB:permissions][info]: SELECT * FROM `permissions` ;  
[2021-08-06 05:49:42][DB:users][info]: SELECT * FROM `users` WHERE  `id` = '8'  ;  
[2021-08-06 03:49:42][info][warn]: we use one secret only on secret[0] in secret array in model 
[2021-08-06 05:49:44][DB:users][info]: SELECT * FROM `users` WHERE  `id` = '2'  ;  
[2021-08-06 03:49:44][DB:users][info]: SELECT * FROM `users` WHERE  `id` = '2'  ;  
[2021-08-06 03:49:44][DB:permissions][info]: SELECT * FROM `permissions` WHERE  `user_id` = '2'  ;  
[2021-08-06 03:49:44][DB:permissions][info]: SELECT * FROM `permissions` ;  
[2021-08-06 05:49:53][DB:permissions][info]: SELECT * FROM `permissions` WHERE  `id` = '1'  ;  
[2021-08-06 05:49:57][DB:permissions][info]: SELECT * FROM `permissions` WHERE  `id` = '1'  ;  
[2021-08-06 03:49:57][DB:permissions][info]: SELECT * FROM `permissions` WHERE  `id` = '1'  ;  
[2021-08-06 05:50:41][DB:permissions][info]: SELECT * FROM `permissions` WHERE  `id` = '2'  ;  
[2021-08-06 03:50:41][DB:permissions][info]: SELECT * FROM `permissions` WHERE  `id` = '2'  ;  
[2021-08-06 05:50:45][DB:users][info]: SELECT * FROM `users` WHERE  `id` = '2'  ;  
[2021-08-06 03:50:45][DB:users][info]: SELECT * FROM `users` WHERE  `id` = '2'  ;  
[2021-08-06 03:50:45][DB:permissions][info]: SELECT * FROM `permissions` WHERE  `user_id` = '2'  ;  
[2021-08-06 03:50:45][DB:permissions][info]: SELECT * FROM `permissions` ;  
[2021-08-06 05:51:14][DB:users][info]: SELECT * FROM `users` WHERE  `id` = '2'  ;  
[2021-08-06 03:51:14][DB:users][info]: SELECT * FROM `users` WHERE  `id` = '2'  ;  
[2021-08-06 03:51:14][DB:permissions][info]: SELECT * FROM `permissions` WHERE  `user_id` = '2'  ;  
[2021-08-06 03:51:14][DB:permissions][info]: SELECT * FROM `permissions` ;  
[2021-08-06 05:52:02][DB:users][info]: SELECT * FROM `users` WHERE  `id` = '2'  ;  
[2021-08-06 03:52:02][DB:users][info]: SELECT * FROM `users` WHERE  `id` = '2'  ;  
[2021-08-06 03:52:02][DB:permissions][info]: SELECT * FROM `permissions` WHERE  `user_id` = '2'  ;  
[2021-08-06 03:52:02][DB:permissions][info]: SELECT * FROM `permissions` ;  
[2021-08-06 05:52:23][DB:users][info]: SELECT * FROM `users` WHERE  `id` = '2'  ;  
[2021-08-06 03:52:23][DB:users][info]: SELECT * FROM `users` WHERE  `id` = '2'  ;  
[2021-08-06 03:52:23][DB:permissions][info]: SELECT * FROM `permissions` WHERE  `user_id` = '2'  ;  
[2021-08-06 03:52:23][DB:permissions][info]: SELECT * FROM `permissions` ;  
[2021-08-06 05:52:32][DB:users][info]: SELECT * FROM `users` WHERE  `id` = '2'  ;  
[2021-08-06 03:52:32][DB:users][info]: SELECT * FROM `users` WHERE  `id` = '2'  ;  
[2021-08-06 03:52:32][DB:permissions][info]: SELECT * FROM `permissions` WHERE  `user_id` = '2'  ;  
[2021-08-06 03:52:32][DB:permissions][info]: SELECT * FROM `permissions` ;  
[2021-08-06 05:53:21][DB:users][info]: SELECT * FROM `users` WHERE  `id` = '2'  ;  
[2021-08-06 03:53:21][DB:users][info]: SELECT * FROM `users` WHERE  `id` = '2'  ;  
[2021-08-06 03:53:21][DB:permissions][info]: SELECT * FROM `permissions` WHERE  `user_id` = '2'  ;  
[2021-08-06 03:53:21][DB:permissions][info]: SELECT * FROM `permissions` ;  
[2021-08-06 05:53:22][DB:users][info]: SELECT * FROM `users` WHERE  `id` = '2'  ;  
[2021-08-06 03:53:22][DB:users][info]: SELECT * FROM `users` WHERE  `id` = '2'  ;  
[2021-08-06 03:53:22][DB:permissions][info]: SELECT * FROM `permissions` WHERE  `user_id` = '2'  ;  
[2021-08-06 03:53:22][DB:permissions][info]: SELECT * FROM `permissions` ;  
[2021-08-06 05:53:23][DB:users][info]: SELECT * FROM `users` WHERE  `id` = '2'  ;  
[2021-08-06 03:53:23][DB:users][info]: SELECT * FROM `users` WHERE  `id` = '2'  ;  
[2021-08-06 03:53:23][DB:permissions][info]: SELECT * FROM `permissions` WHERE  `user_id` = '2'  ;  
[2021-08-06 03:53:23][DB:permissions][info]: SELECT * FROM `permissions` ;  
[2021-08-06 05:53:23][DB:users][info]: SELECT * FROM `users` WHERE  `id` = '2'  ;  
[2021-08-06 03:53:23][DB:users][info]: SELECT * FROM `users` WHERE  `id` = '2'  ;  
[2021-08-06 03:53:23][DB:permissions][info]: SELECT * FROM `permissions` WHERE  `user_id` = '2'  ;  
[2021-08-06 03:53:23][DB:permissions][info]: SELECT * FROM `permissions` ;  
[2021-08-06 05:53:28][DB:users][info]: SELECT * FROM `users` WHERE  `id` = '2'  ;  
[2021-08-06 03:53:28][DB:users][info]: SELECT * FROM `users` WHERE  `id` = '2'  ;  
[2021-08-06 03:53:28][DB:permissions][info]: SELECT * FROM `permissions` WHERE  `user_id` = '2'  ;  
[2021-08-06 03:53:28][DB:permissions][info]: SELECT * FROM `permissions` ;  
[2021-08-06 05:53:34][DB:users][info]: SELECT * FROM `users` WHERE  `id` = '2'  ;  
[2021-08-06 03:53:34][DB:users][info]: SELECT * FROM `users` WHERE  `id` = '2'  ;  
[2021-08-06 03:53:34][DB:permissions][info]: SELECT * FROM `permissions` WHERE  `user_id` = '2'  ;  
[2021-08-06 03:53:34][DB:permissions][info]: SELECT * FROM `permissions` ;  
[2021-08-06 05:54:18][DB:users][info]: SELECT * FROM `users` WHERE  `id` = '2'  ;  
[2021-08-06 03:54:18][DB:users][info]: SELECT * FROM `users` WHERE  `id` = '2'  ;  
[2021-08-06 03:54:18][DB:permissions][info]: SELECT * FROM `permissions` WHERE  `user_id` = '2'  ;  
[2021-08-06 05:54:46][DB:users][info]: SELECT * FROM `users` ;  
[2021-08-06 05:54:47][DB:users][info]: SELECT * FROM `users` WHERE  `id` = '1'  ;  
[2021-08-06 03:54:47][DB:users][info]: SELECT * FROM `users` WHERE  `id` = '1'  ;  
[2021-08-06 03:54:47][DB:permissions][info]: SELECT * FROM `permissions` WHERE  `user_id` = '1'  ;  
[2021-08-06 05:55:36][DB:users][info]: SELECT * FROM `users` WHERE  `id` = '1'  ;  
[2021-08-06 03:55:36][DB:users][info]: SELECT * FROM `users` WHERE  `id` = '1'  ;  
[2021-08-06 03:55:36][DB:permissions][info]: SELECT * FROM `permissions` WHERE  `user_id` = '1'  ;  
[2021-08-06 05:55:49][DB:users][info]: SELECT * FROM `users` WHERE  `id` = '1'  ;  
[2021-08-06 03:55:49][DB:users][info]: SELECT * FROM `users` WHERE  `id` = '1'  ;  
[2021-08-06 03:55:49][DB:permissions][info]: SELECT * FROM `permissions` WHERE  `user_id` = '1'  ;  
[2021-08-06 05:56:03][DB:users][info]: SELECT * FROM `users` WHERE  `id` = '2'  ;  
[2021-08-06 03:56:03][DB:users][info]: SELECT * FROM `users` WHERE  `id` = '2'  ;  
[2021-08-06 03:56:03][DB:permissions][info]: SELECT * FROM `permissions` WHERE  `user_id` = '2'  ;  
[2021-08-06 05:56:06][DB:users][info]: SELECT * FROM `users` WHERE  `id` = '8'  ;  
[2021-08-06 03:56:06][DB:users][info]: SELECT * FROM `users` WHERE  `id` = '8'  ;  
[2021-08-06 03:56:06][DB:permissions][info]: SELECT * FROM `permissions` WHERE  `user_id` = '8'  ;  
[2021-08-06 05:56:11][DB:users][info]: SELECT * FROM `users` WHERE  `id` = '6'  ;  
[2021-08-06 03:56:11][DB:users][info]: SELECT * FROM `users` WHERE  `id` = '6'  ;  
[2021-08-06 03:56:11][DB:permissions][info]: SELECT * FROM `permissions` WHERE  `user_id` = '6'  ;  
[2021-08-06 05:56:14][DB:users][info]: SELECT * FROM `users` WHERE  `id` = '1'  ;  
[2021-08-06 03:56:14][DB:users][info]: SELECT * FROM `users` WHERE  `id` = '1'  ;  
[2021-08-06 03:56:14][DB:permissions][info]: SELECT * FROM `permissions` WHERE  `user_id` = '1'  ;  
[2021-08-06 05:56:54][DB:users][info]: SELECT * FROM `users` WHERE  `id` = '1'  ;  
[2021-08-06 03:56:54][DB:users][info]: SELECT * FROM `users` WHERE  `id` = '1'  ;  
[2021-08-06 03:56:54][DB:permissions][info]: SELECT * FROM `permissions` WHERE  `user_id` = '1'  ;  
[2021-08-06 05:56:57][DB:permissions][info]: SELECT * FROM `permissions` WHERE  `id` = '2'  ;  
[2021-08-06 05:57:00][DB:permissions][info]: SELECT * FROM `permissions` WHERE  `id` = '1'  ;  
[2021-08-06 03:57:00][DB:permissions][info]: SELECT * FROM `permissions` WHERE  `id` = '1'  ;  
[2021-08-06 05:57:05][DB:permissions][info]: SELECT * FROM `permissions` WHERE  `id` = '2'  ;  
[2021-08-06 03:57:05][DB:permissions][info]: SELECT * FROM `permissions` WHERE  `id` = '2'  ;  
[2021-08-06 05:57:26][DB:users][info]: SELECT * FROM `users` WHERE  `id` = '1'  ;  
[2021-08-06 03:57:26][DB:users][info]: SELECT * FROM `users` WHERE  `id` = '1'  ;  
[2021-08-06 03:57:26][DB:permissions][info]: SELECT * FROM `permissions` WHERE  `user_id` = '1'  ;  
[2021-08-06 05:57:28][DB:permissions][info]: SELECT * FROM `permissions` WHERE  `id` = '1'  ;  
[2021-08-06 03:57:28][DB:permissions][info]: SELECT * FROM `permissions` WHERE  `id` = '1'  ;  
[2021-08-06 05:58:00][DB:permissions][info]: SELECT * FROM `permissions` WHERE  `id` = '1'  ;  
[2021-08-06 03:58:00][DB:permissions][info]: SELECT * FROM `permissions` WHERE  `id` = '1'  ;  
[2021-08-06 06:00:11][DB:permissions][info]: SELECT * FROM `permissions` WHERE  `id` = '1'  ;  
[2021-08-06 06:00:13][DB:users][info]: SELECT * FROM `users` WHERE  `id` = '1'  ;  
[2021-08-06 04:00:13][DB:users][info]: SELECT * FROM `users` WHERE  `id` = '1'  ;  
[2021-08-06 04:00:13][DB:permissions][info]: SELECT * FROM `permissions` WHERE  `user_id` = '1'  ;  
[2021-08-06 06:00:25][DB:permissions][info]: DELETE FROM `permissions` WHERE  `id` = '3'  ;  
[2021-08-06 06:00:26][DB:permissions][info]: SELECT * FROM `permissions` ;  
[2021-08-06 06:00:29][DB:permissions][info]: SELECT * FROM `permissions` ;  
[2021-08-06 06:00:32][DB:users][info]: SELECT * FROM `users` WHERE  `id` = '1'  ;  
[2021-08-06 04:00:32][DB:users][info]: SELECT * FROM `users` WHERE  `id` = '1'  ;  
[2021-08-06 04:00:32][DB:permissions][info]: SELECT * FROM `permissions` WHERE  `user_id` = '1'  ;  
[2021-08-06 06:00:54][DB:users][info]: SELECT * FROM `users` WHERE  `id` = '2'  ;  
[2021-08-06 04:00:54][DB:users][info]: SELECT * FROM `users` WHERE  `id` = '2'  ;  
[2021-08-06 04:00:54][DB:permissions][info]: SELECT * FROM `permissions` WHERE  `user_id` = '2'  ;  
[2021-08-06 06:00:57][DB:users][info]: SELECT * FROM `users` WHERE  `id` = '8'  ;  
[2021-08-06 04:00:57][DB:users][info]: SELECT * FROM `users` WHERE  `id` = '8'  ;  
[2021-08-06 04:00:57][DB:permissions][info]: SELECT * FROM `permissions` WHERE  `user_id` = '8'  ;  
[2021-08-06 06:01:00][DB:users][info]: SELECT * FROM `users` WHERE  `id` = '6'  ;  
[2021-08-06 04:01:00][DB:users][info]: SELECT * FROM `users` WHERE  `id` = '6'  ;  
[2021-08-06 04:01:00][DB:permissions][info]: SELECT * FROM `permissions` WHERE  `user_id` = '6'  ;  
[2021-08-06 06:01:03][DB:users][info]: SELECT * FROM `users` WHERE  `id` = '6'  ;  
[2021-08-06 04:01:03][DB:users][info]: SELECT * FROM `users` WHERE  `id` = '6'  ;  
[2021-08-06 04:01:03][DB:permissions][info]: SELECT * FROM `permissions` WHERE  `user_id` = '6'  ;  
[2021-08-06 06:05:39][DB:users][info]: SELECT * FROM `users` WHERE  `id` = '6'  ;  
[2021-08-06 04:05:39][DB:users][info]: SELECT * FROM `users` WHERE  `id` = '6'  ;  
[2021-08-06 04:05:39][DB:permissions][info]: SELECT * FROM `permissions` WHERE  `user_id` = '6'  ;  
[2021-08-06 06:05:39][DB:users][info]: SELECT * FROM `users` WHERE  `id` = '6'  ;  
[2021-08-06 04:05:39][DB:users][info]: SELECT * FROM `users` WHERE  `id` = '6'  ;  
[2021-08-06 04:05:39][DB:permissions][info]: SELECT * FROM `permissions` WHERE  `user_id` = '6'  ;  
[2021-08-06 06:05:40][DB:users][info]: SELECT * FROM `users` WHERE  `id` = '6'  ;  
[2021-08-06 04:05:40][DB:users][info]: SELECT * FROM `users` WHERE  `id` = '6'  ;  
[2021-08-06 04:05:40][DB:permissions][info]: SELECT * FROM `permissions` WHERE  `user_id` = '6'  ;  
[2021-08-06 06:05:40][DB:users][info]: SELECT * FROM `users` WHERE  `id` = '6'  ;  
[2021-08-06 04:05:40][DB:users][info]: SELECT * FROM `users` WHERE  `id` = '6'  ;  
[2021-08-06 04:05:40][DB:permissions][info]: SELECT * FROM `permissions` WHERE  `user_id` = '6'  ;  
[2021-08-06 06:05:41][DB:users][info]: SELECT * FROM `users` WHERE  `id` = '6'  ;  
[2021-08-06 04:05:41][DB:users][info]: SELECT * FROM `users` WHERE  `id` = '6'  ;  
[2021-08-06 04:05:41][DB:permissions][info]: SELECT * FROM `permissions` WHERE  `user_id` = '6'  ;  
[2021-08-06 06:06:02][DB:users][info]: SELECT * FROM `users` WHERE  `id` = '6'  ;  
[2021-08-06 04:06:02][DB:users][info]: SELECT * FROM `users` WHERE  `id` = '6'  ;  
[2021-08-06 04:06:02][DB:permissions][info]: SELECT * FROM `permissions` WHERE  `user_id` = '6'  ;  
[2021-08-06 06:06:21][DB:users][info]: SELECT * FROM `users` WHERE  `id` = '6'  ;  
[2021-08-06 04:06:21][DB:users][info]: SELECT * FROM `users` WHERE  `id` = '6'  ;  
[2021-08-06 04:06:21][DB:permissions][info]: SELECT * FROM `permissions` WHERE  `user_id` = '6'  ;  
[2021-08-06 06:06:22][DB:users][info]: SELECT * FROM `users` WHERE  `id` = '6'  ;  
[2021-08-06 04:06:22][DB:users][info]: SELECT * FROM `users` WHERE  `id` = '6'  ;  
[2021-08-06 04:06:22][DB:permissions][info]: SELECT * FROM `permissions` WHERE  `user_id` = '6'  ;  
[2021-08-06 06:07:18][DB:users][info]: SELECT * FROM `users` WHERE  `id` = '6'  ;  
[2021-08-06 04:07:18][DB:users][info]: SELECT * FROM `users` WHERE  `id` = '6'  ;  
[2021-08-06 04:07:18][DB:permissions][info]: SELECT * FROM `permissions` WHERE  `user_id` = '6'  ;  
[2021-08-06 06:09:47][DB:users][info]: SELECT * FROM `users` WHERE  `id` = '6'  ;  
[2021-08-06 04:09:47][DB:users][info]: SELECT * FROM `users` WHERE  `id` = '6'  ;  
[2021-08-06 04:09:47][DB:permissions][info]: SELECT * FROM `permissions` WHERE  `user_id` = '6'  ;  
[2021-08-06 06:10:40][DB:users][info]: SELECT * FROM `users` ;  
[2021-08-06 06:11:45][DB:users][info]: SELECT * FROM `users` ;  
[2021-08-06 06:11:57][DB:users][info]: SELECT * FROM `users` ;  
[2021-08-06 06:12:15][DB:users][info]: SELECT * FROM `users` ;  
[2021-08-06 06:12:16][DB:users][info]: SELECT * FROM `users` ;  
[2021-08-06 06:12:18][DB:users][info]: SELECT * FROM `users` WHERE  `id` = '1'  ;  
[2021-08-06 04:12:18][DB:users][info]: SELECT * FROM `users` WHERE  `id` = '1'  ;  
[2021-08-06 04:12:18][DB:permissions][info]: SELECT * FROM `permissions` WHERE  `user_id` = '1'  ;  
[2021-08-06 06:12:24][DB:users][info]: SELECT * FROM `users` WHERE  `id` = '8'  ;  
[2021-08-06 04:12:24][DB:users][info]: SELECT * FROM `users` WHERE  `id` = '8'  ;  
[2021-08-06 04:12:24][DB:permissions][info]: SELECT * FROM `permissions` WHERE  `user_id` = '8'  ;  
[2021-08-06 06:12:57][DB:users][info]: SELECT * FROM `users` WHERE  `id` = '8'  ;  
[2021-08-06 04:12:57][DB:users][info]: SELECT * FROM `users` WHERE  `id` = '8'  ;  
[2021-08-06 04:12:57][DB:permissions][info]: SELECT * FROM `permissions` WHERE  `user_id` = '8'  ;  
[2021-08-06 06:13:03][DB:users][info]: SELECT * FROM `users` WHERE  `id` = '2'  ;  
[2021-08-06 04:13:03][DB:users][info]: SELECT * FROM `users` WHERE  `id` = '2'  ;  
[2021-08-06 04:13:03][DB:permissions][info]: SELECT * FROM `permissions` WHERE  `user_id` = '2'  ;  
[2021-08-06 06:13:07][DB:users][info]: SELECT * FROM `users` WHERE  `id` = '6'  ;  
[2021-08-06 04:13:07][DB:users][info]: SELECT * FROM `users` WHERE  `id` = '6'  ;  
[2021-08-06 04:13:07][DB:permissions][info]: SELECT * FROM `permissions` WHERE  `user_id` = '6'  ;  
[2021-08-06 06:13:18][DB:users][info]: SELECT * FROM `users` WHERE  `id` = '1'  ;  
[2021-08-06 04:13:18][DB:users][info]: SELECT * FROM `users` WHERE  `id` = '1'  ;  
[2021-08-06 04:13:18][DB:permissions][info]: SELECT * FROM `permissions` WHERE  `user_id` = '1'  ;  
[2021-08-06 06:13:22][DB:users][info]: SELECT * FROM `users` WHERE  `id` = '1'  ;  
[2021-08-06 04:13:22][DB:users][info]: SELECT * FROM `users` WHERE  `id` = '1'  ;  
[2021-08-06 04:13:22][DB:permissions][info]: SELECT * FROM `permissions` WHERE  `user_id` = '1'  ;  
[2021-08-06 06:13:27][DB:users][info]: SELECT * FROM `users` WHERE  `id` = '6'  ;  
[2021-08-06 04:13:27][DB:users][info]: SELECT * FROM `users` WHERE  `id` = '6'  ;  
[2021-08-06 04:13:27][DB:permissions][info]: SELECT * FROM `permissions` WHERE  `user_id` = '6'  ;  
[2021-08-06 06:17:14][DB:users][info]: SELECT * FROM `users` WHERE  `id` = '6'  ;  
[2021-08-06 04:17:14][DB:users][info]: SELECT * FROM `users` WHERE  `id` = '6'  ;  
[2021-08-06 04:17:14][DB:permissions][info]: SELECT * FROM `permissions` WHERE  `user_id` = '6'  ;  
[2021-08-06 06:17:18][DB:users][info]: SELECT * FROM `users` WHERE  `id` = '2'  ;  
[2021-08-06 04:17:18][DB:users][info]: SELECT * FROM `users` WHERE  `id` = '2'  ;  
[2021-08-06 04:17:18][DB:permissions][info]: SELECT * FROM `permissions` WHERE  `user_id` = '2'  ;  
[2021-08-06 06:17:20][DB:users][info]: SELECT * FROM `users` WHERE  `id` = '1'  ;  
[2021-08-06 04:17:20][DB:users][info]: SELECT * FROM `users` WHERE  `id` = '1'  ;  
[2021-08-06 04:17:20][DB:permissions][info]: SELECT * FROM `permissions` WHERE  `user_id` = '1'  ;  
[2021-08-06 06:17:37][DB:users][info]: SELECT * FROM `users` WHERE  `id` = '1'  ;  
[2021-08-06 04:17:37][DB:users][info]: SELECT * FROM `users` WHERE  `id` = '1'  ;  
[2021-08-06 04:17:37][DB:permissions][info]: SELECT * FROM `permissions` WHERE  `user_id` = '1'  ;  
[2021-08-06 06:17:45][DB:users][info]: SELECT * FROM `users` WHERE  `id` = '2'  ;  
[2021-08-06 04:17:45][DB:users][info]: SELECT * FROM `users` WHERE  `id` = '2'  ;  
[2021-08-06 04:17:45][DB:permissions][info]: SELECT * FROM `permissions` WHERE  `user_id` = '2'  ;  
[2021-08-06 06:31:49][DB:users][info]: SELECT * FROM `users` WHERE  `id` = '2'  ;  
[2021-08-06 04:31:49][DB:users][info]: SELECT * FROM `users` WHERE  `id` = '2'  ;  
[2021-08-06 04:31:49][DB:permissions][info]: SELECT * FROM `permissions` WHERE  `user_id` = '2'  ;  
[2021-08-06 06:31:53][DB:users][info]: SELECT * FROM `users` WHERE  `id` = '2'  ;  
[2021-08-06 04:31:53][DB:users][info]: SELECT * FROM `users` WHERE  `id` = '2'  ;  
[2021-08-06 04:31:53][DB:permissions][info]: SELECT * FROM `permissions` WHERE  `user_id` = '2'  ;  
[2021-08-06 06:31:58][DB:users][info]: SELECT * FROM `users` WHERE  `id` = '2'  ;  
[2021-08-06 04:31:58][DB:users][info]: SELECT * FROM `users` WHERE  `id` = '2'  ;  
[2021-08-06 04:31:58][DB:permissions][info]: SELECT * FROM `permissions` WHERE  `user_id` = '2'  ;  
[2021-08-06 06:32:01][DB:users][info]: SELECT * FROM `users` WHERE  `id` = '2'  ;  
[2021-08-06 04:32:02][DB:users][info]: SELECT * FROM `users` WHERE  `id` = '2'  ;  
[2021-08-06 04:32:02][DB:permissions][info]: SELECT * FROM `permissions` WHERE  `user_id` = '2'  ;  
[2021-08-06 06:32:51][DB:users][info]: SELECT * FROM `users` WHERE  `id` = '2'  ;  
[2021-08-06 04:32:51][DB:users][info]: SELECT * FROM `users` WHERE  `id` = '2'  ;  
[2021-08-06 04:32:51][DB:permissions][info]: SELECT * FROM `permissions` WHERE  `user_id` = '2'  ;  
[2021-08-06 06:32:52][DB:users][info]: SELECT * FROM `users` WHERE  `id` = '2'  ;  
[2021-08-06 04:32:52][DB:users][info]: SELECT * FROM `users` WHERE  `id` = '2'  ;  
[2021-08-06 04:32:52][DB:permissions][info]: SELECT * FROM `permissions` WHERE  `user_id` = '2'  ;  
[2021-08-06 06:32:54][DB:users][info]: SELECT * FROM `users` WHERE  `id` = '2'  ;  
[2021-08-06 04:32:54][DB:users][info]: SELECT * FROM `users` WHERE  `id` = '2'  ;  
[2021-08-06 04:32:54][DB:permissions][info]: SELECT * FROM `permissions` WHERE  `user_id` = '2'  ;  
[2021-08-06 06:32:59][DB:users][info]: SELECT * FROM `users` WHERE  `id` = '2'  ;  
[2021-08-06 04:32:59][DB:users][info]: SELECT * FROM `users` WHERE  `id` = '2'  ;  
[2021-08-06 04:32:59][DB:permissions][info]: SELECT * FROM `permissions` WHERE  `user_id` = '2'  ;  
[2021-08-06 06:33:01][DB:users][info]: SELECT * FROM `users` WHERE  `id` = '2'  ;  
[2021-08-06 04:33:01][DB:users][info]: SELECT * FROM `users` WHERE  `id` = '2'  ;  
[2021-08-06 04:33:01][DB:permissions][info]: SELECT * FROM `permissions` WHERE  `user_id` = '2'  ;  
