[2021-07-27 02:37:31][DB:section][info]: SELECT * FROM `section` ;  
[2021-07-27 02:37:34][DB:section][info]: SELECT * FROM `section` ;  
[2021-07-27 02:38:02][DB:section][info]: SELECT * FROM `section` ;  
[2021-07-27 02:38:13][DB:section][info]: SELECT * FROM `section` ;  
[2021-07-27 02:38:22][DB:section][info]: SELECT * FROM `section` ;  
[2021-07-27 02:38:22][DB:section][info]: SELECT * FROM `section` ;  
[2021-07-27 02:38:48][DB:section][info]: SELECT * FROM `section` ;  
[2021-07-27 02:38:50][DB:section][info]: SELECT * FROM `section` ;  
[2021-07-27 02:38:50][DB:section][info]: SELECT * FROM `section` ;  
[2021-07-27 02:38:51][DB:section][info]: SELECT * FROM `section` ;  
[2021-07-27 02:38:51][DB:section][info]: SELECT * FROM `section` ;  
[2021-07-27 02:38:52][DB:section][info]: SELECT * FROM `section` ;  
[2021-07-27 02:38:52][DB:section][info]: SELECT * FROM `section` ;  
[2021-07-27 02:38:52][DB:section][info]: SELECT * FROM `section` ;  
[2021-07-27 02:38:53][DB:section][info]: SELECT * FROM `section` ;  
[2021-07-27 02:39:31][info][info]: a 
[2021-07-27 02:40:01][info][error]: a 
[2021-07-27 02:40:14][info][error]: a 
[2021-07-27 02:40:15][info][error]: a 
[2021-07-27 02:40:15][info][error]: a 
[2021-07-27 02:40:16][info][error]: a 
[2021-07-27 02:40:17][info][error]: a 
[2021-07-27 02:40:18][info][error]: a 
[2021-07-27 02:40:24][info][error]: a 
[2021-07-27 02:40:55][info][error]: a 
[2021-07-27 02:43:31][DB:users][info]: SELECT * FROM `users` ;  

[2021-07-27 02:44:22][DB:users][info]: SELECT * FROM `users` ;  
[2021-07-27 02:44:22][DB:users][info]: SELECT * FROM `users` ;  
[2021-07-27 02:44:23][DB:users][info]: SELECT * FROM `users` ;  
[2021-07-27 02:44:27][DB:users][info]: SELECT * FROM `users` ;  
[2021-07-27 02:44:28][DB:users][info]: SELECT * FROM `users` ;  
[2021-07-27 02:48:44][DB:users][info]: SELECT * FROM `users` ;  
[2021-07-27 02:48:46][DB:users][info]: SELECT * FROM `users` ;  
[2021-07-27 02:50:29][DB:users][info]: SELECT * FROM `users` ;  
[2021-07-27 02:50:53][DB:users][info]: SELECT * FROM `users` ;  
[2021-07-27 02:51:35][DB:users][info]: SELECT * FROM `users` ;  
[2021-07-27 02:52:04][DB:users][info]: SELECT * FROM `users` ;  
[2021-07-27 02:52:52][DB:users][info]: SELECT * FROM `users` ;  
[2021-07-27 02:52:57][DB:users][info]: SELECT * FROM `users` ;  
[2021-07-27 02:53:30][DB:users][info]: SELECT * FROM `users` ;  
[2021-07-27 02:54:04][DB:users][info]: SELECT * FROM `users` ;  
[2021-07-27 02:54:57][DB:users][info]: SELECT * FROM `users` ;  
[2021-07-27 02:56:13][DB:users][info]: SELECT * FROM `users` ;  
[2021-07-27 02:56:23][DB:users][info]: SELECT * FROM `users` ;  
[2021-07-27 02:58:16][DB:users][info]: SELECT * FROM `users` ;  
[2021-07-27 02:58:32][DB:users][info]: SELECT * FROM `users` ;  
[2021-07-27 03:00:04][DB:users][info]: SELECT * FROM `users` ;  
[2021-07-27 03:01:21][DB:users][info]: SELECT * FROM `users` ;  
[2021-07-27 03:01:32][DB:m_cat][info]: SELECT * FROM `m_cat` ;  
[2021-07-27 03:02:58][info][error]: a 
[2021-07-27 03:03:07][DB:m_cat][info]: SELECT * FROM `m_cat` ;  
[2021-07-27 03:03:24][DB:users][info]: SELECT * FROM `users` ;  
[2021-07-27 03:06:18][DB:users][info]: SELECT * FROM `users` ;  
[2021-07-27 03:06:36][DB:users][info]: SELECT * FROM `users` ;  
[2021-07-27 03:07:42][DB:users][info]: SELECT * FROM `users` ;  
[2021-07-27 03:07:51][DB:users][info]: SELECT * FROM `users` ;  
[2021-07-27 03:07:52][DB:users][info]: SELECT * FROM `users` ;  
[2021-07-27 03:07:52][DB:users][info]: SELECT * FROM `users` ;  
[2021-07-27 03:08:17][DB:users][info]: SELECT * FROM `users` ;  
[2021-07-27 03:09:51][DB:users][info]: SELECT * FROM `users` ;  
[2021-07-27 03:15:06][DB:users][info]: SELECT * FROM `users` ;  
[2021-07-27 03:15:51][DB:users][info]: SELECT * FROM `users` ;  
[2021-07-27 03:17:26][DB:users][info]: SELECT * FROM `users` ;  
[2021-07-27 03:17:45][DB:users][info]: SELECT * FROM `users` ;  
[2021-07-27 03:17:47][DB:users][info]: SELECT * FROM `users` ;  
[2021-07-27 03:17:47][DB:users][info]: SELECT * FROM `users` ;  
[2021-07-27 03:17:53][DB:users][info]: SELECT * FROM `users` ;  
[2021-07-27 03:17:53][DB:users][info]: SELECT * FROM `users` ;  
[2021-07-27 03:18:56][DB:users][info]: SELECT * FROM `users` ;  
[2021-07-27 03:18:57][DB:users][info]: SELECT * FROM `users` ;  
[2021-07-27 03:18:57][DB:users][info]: SELECT * FROM `users` ;  
[2021-07-27 03:18:57][DB:users][info]: SELECT * FROM `users` ;  
[2021-07-27 03:18:58][DB:users][info]: SELECT * FROM `users` ;  
[2021-07-27 03:18:58][DB:users][info]: SELECT * FROM `users` ;  
[2021-07-27 03:18:58][DB:users][info]: SELECT * FROM `users` ;  
[2021-07-27 03:18:59][DB:users][info]: SELECT * FROM `users` ;  
[2021-07-27 03:19:10][DB:users][info]: SELECT * FROM `users` ;  
[2021-07-27 03:19:56][DB:users][info]: SELECT * FROM `users` ;  
