[2021-07-29 02:33:00][DB:section][info]: SELECT * FROM `section` ;  
[2021-07-29 02:33:06][DB:users][info]: SELECT * FROM `users` ;  
[2021-07-29 02:41:08][DB:users][info]: SELECT * FROM `users` ;  
[2021-07-29 02:41:26][DB:users][info]: SELECT * FROM `users` ;  
[2021-07-29 02:43:12][DB:users][info]: SELECT * FROM `users` ;  
[2021-07-29 02:44:08][DB:users][info]: SELECT * FROM `users` ;  
[2021-07-29 02:44:42][DB:users][info]: SELECT * FROM `users` ;  
[2021-07-29 02:44:53][DB:users][info]: SELECT * FROM `users` ;  
[2021-07-29 02:44:54][DB:users][info]: SELECT * FROM `users` ;  
[2021-07-29 02:44:54][DB:users][info]: SELECT * FROM `users` ;  
[2021-07-29 02:45:05][DB:users][info]: SELECT * FROM `users` ;  
[2021-07-29 02:45:38][DB:users][info]: SELECT * FROM `users` ;  
[2021-07-29 02:46:39][DB:m_cat][info]: SELECT * FROM `m_cat` ;  
[2021-07-29 02:47:00][DB:m_cat][info]: SELECT * FROM `m_cat` ;  
[2021-07-29 02:47:09][DB:m_cat][info]: SELECT * FROM `m_cat` ;  
[2021-07-29 02:47:38][DB:m_cat][info]: SELECT * FROM `m_cat` ;  
[2021-07-29 02:51:08][DB:m_cat][info]: SELECT * FROM `m_cat` ;  
[2021-07-29 02:52:40][DB:m_cat][info]: SELECT * FROM `m_cat` ;  
[2021-07-29 02:53:07][DB:m_cat][info]: SELECT * FROM `m_cat` ;  
[2021-07-29 02:57:50][DB:][info]: SELECT * FROM `` ;  
[2021-07-29 02:58:53][DB:m_cat][info]: SELECT * FROM `m_cat` ;  
[2021-07-29 02:59:12][DB:m_cat][info]: SELECT * FROM `m_cat` ;  
[2021-07-29 03:00:23][DB:m_cat][info]: SELECT * FROM `m_cat` ;  
[2021-07-29 03:01:20][DB:m_cat][info]: SELECT * FROM `m_cat` ;  
[2021-07-29 03:01:55][DB:m_cat][info]: SELECT * FROM `m_cat` ;  
[2021-07-29 03:03:46][DB:m_cat][info]: SELECT * FROM `m_cat` ;  
[2021-07-29 03:04:39][DB:users][info]: SELECT * FROM `users` ;  
[2021-07-29 03:05:29][DB:users][info]: SELECT * FROM `users` ;  
[2021-07-29 03:05:30][DB:users][info]: SELECT * FROM `users` ;  
[2021-07-29 03:05:30][DB:users][info]: SELECT * FROM `users` ;  
[2021-07-29 03:05:31][DB:users][info]: SELECT * FROM `users` ;  
[2021-07-29 03:08:10][DB:users][info]: SELECT * FROM `users` ;  
[2021-07-29 03:12:49][DB:users][info]: SELECT * FROM `users` ;  
[2021-07-29 03:12:53][DB:users][info]: SELECT * FROM `users` ;  
[2021-07-29 03:13:04][DB:users][info]: SELECT * FROM `users` ;  
[2021-07-29 03:20:16][DB:users][info]: SELECT * FROM `users` ;  
[2021-07-29 03:20:30][DB:users][info]: SELECT * FROM `users` ;  
[2021-07-29 03:20:41][DB:users][info]: SELECT * FROM `users` ;  
[2021-07-29 03:20:47][DB:users][info]: SELECT * FROM `users` ;  
[2021-07-29 03:20:52][DB:users][info]: SELECT * FROM `users` ;  
[2021-07-29 03:22:05][DB:users][info]: SELECT * FROM `users` ;  
[2021-07-29 03:23:46][DB:users][info]: SELECT * FROM `users` ;  
[2021-07-29 03:30:33][DB:users][info]: SELECT * FROM `users` ;  
[2021-07-29 03:31:18][DB:users][info]: SELECT * FROM `users` ;  
[2021-07-29 03:31:43][DB:users][info]: SELECT * FROM `users` ;  
[2021-07-29 03:32:12][DB:users][info]: SELECT * FROM `users` ;  
[2021-07-29 03:32:23][DB:users][info]: SELECT * FROM `users` ;  
[2021-07-29 03:35:11][DB:users][info]: SELECT * FROM `users` ;  
[2021-07-29 03:35:58][DB:users][info]: SELECT * FROM `users` ;  
[2021-07-29 03:36:37][DB:users][info]: SELECT * FROM `users` ;  
[2021-07-29 03:38:11][DB:users][info]: SELECT * FROM `users` ;  
[2021-07-29 03:39:16][DB:users][info]: SELECT * FROM `users` ;  
[2021-07-29 03:39:56][DB:users][info]: SELECT * FROM `users` ;  
[2021-07-29 03:40:03][DB:users][info]: SELECT * FROM `users` ;  
[2021-07-29 03:40:10][DB:users][info]: SELECT * FROM `users` ;  
[2021-07-29 03:40:25][DB:users][info]: SELECT * FROM `users` ;  
[2021-07-29 03:41:27][DB:users][info]: SELECT * FROM `users` ;  
[2021-07-29 03:42:11][DB:users][info]: SELECT * FROM `users` ;  
[2021-07-29 03:42:12][DB:users][info]: SELECT * FROM `users` ;  
[2021-07-29 03:42:57][DB:users][info]: SELECT * FROM `users` ;  
[2021-07-29 03:43:48][DB:users][info]: SELECT * FROM `users` ;  
[2021-07-29 03:43:58][DB:users][info]: SELECT * FROM `users` ;  
[2021-07-29 03:44:03][DB:users][info]: SELECT * FROM `users` ;  
[2021-07-29 03:44:07][DB:users][info]: SELECT * FROM `users` ;  
[2021-07-29 03:44:24][DB:users][info]: SELECT * FROM `users` ;  
[2021-07-29 03:49:06][DB:users][info]: SELECT * FROM `users` ;  
[2021-07-29 03:50:16][DB:users][info]: SELECT * FROM `users` ;  
[2021-07-29 03:51:05][DB:users][info]: SELECT * FROM `users` ;  
[2021-07-29 03:57:27][DB:users][info]: SELECT * FROM `users` ;  
[2021-07-29 03:57:37][DB:users][info]: SELECT * FROM `users` ;  
[2021-07-29 03:57:42][DB:users][info]: SELECT * FROM `users` ;  
[2021-07-29 03:57:48][DB:users][info]: SELECT * FROM `users` ;  
[2021-07-29 03:58:43][DB:users][info]: SELECT * FROM `users` ;  
[2021-07-29 03:59:04][DB:users][info]: SELECT * FROM `users` ;  
[2021-07-29 04:00:27][DB:users][info]: SELECT * FROM `users` ;  
[2021-07-29 04:01:11][DB:users][info]: SELECT * FROM `users` ;  
[2021-07-29 04:05:12][DB:users][info]: SELECT * FROM `users` ;  
[2021-07-29 04:05:48][DB:users][info]: SELECT * FROM `users` ;  
[2021-07-29 04:05:55][DB:users][info]: SELECT * FROM `users` ;  
[2021-07-29 04:27:50][info][info]: we use one secret only in secret array in model 
[2021-07-29 04:28:12][info][warn]: we use one secret only in secret array in model 
[2021-07-29 04:28:50][info][warn]: we use one secret only on secret[0] in secret array in model 
[2021-07-29 04:29:16][info][warn]: we use one secret only on secret[0] in secret array in model 
[2021-07-29 04:29:36][info][warn]: we use one secret only on secret[0] in secret array in model 
[2021-07-29 04:29:36][info][warn]: we use one secret only on secret[0] in secret array in model 
[2021-07-29 04:29:37][info][warn]: we use one secret only on secret[0] in secret array in model 
[2021-07-29 04:30:46][info][warn]: we use one secret only on secret[0] in secret array in model 
[2021-07-29 04:34:23][info][warn]: we use one secret only on secret[0] in secret array in model 
[2021-07-29 04:36:04][info][warn]: we use one secret only on secret[0] in secret array in model 
[2021-07-29 04:37:02][info][warn]: we use one secret only on secret[0] in secret array in model 
[2021-07-29 04:37:03][info][warn]: we use one secret only on secret[0] in secret array in model 
[2021-07-29 04:37:04][info][warn]: we use one secret only on secret[0] in secret array in model 
[2021-07-29 04:38:45][DB:users][info]: SELECT * FROM `users` WHERE  `id` = '2'  ;  
[2021-07-29 04:39:28][DB:users][info]: SELECT * FROM `users` WHERE  `id` = '8'  ;  
[2021-07-29 04:39:59][DB:users][info]: SELECT * FROM `users` WHERE  `id` = '8'  ;  
[2021-07-29 04:40:23][DB:users][info]: SELECT * FROM `users` WHERE  `id` = '8'  ;  
[2021-07-29 04:40:54][DB:users][info]: SELECT * FROM `users` WHERE  `id` = '8'  ;  
[2021-07-29 04:41:55][DB:users][info]: SELECT * FROM `users` WHERE  `id` = '8'  ;  
[2021-07-29 04:41:58][DB:users][info]: SELECT * FROM `users` WHERE  `id` = '8'  ;  
[2021-07-29 04:41:58][DB:users][info]: SELECT * FROM `users` WHERE  `id` = '8'  ;  
[2021-07-29 04:41:58][DB:users][info]: SELECT * FROM `users` WHERE  `id` = '8'  ;  
[2021-07-29 04:41:59][DB:users][info]: SELECT * FROM `users` WHERE  `id` = '8'  ;  
[2021-07-29 04:41:59][DB:users][info]: SELECT * FROM `users` WHERE  `id` = '8'  ;  
[2021-07-29 04:42:40][DB:users][info]: SELECT * FROM `users` WHERE  `id` = '8'  ;  
[2021-07-29 04:42:57][DB:users][info]: SELECT * FROM `users` WHERE  `id` = '8'  ;  
[2021-07-29 04:43:38][DB:users][info]: SELECT * FROM `users` WHERE  `id` = '8'  ;  
[2021-07-29 04:43:50][DB:users][info]: SELECT * FROM `users` WHERE  `id` = '8'  ;  
[2021-07-29 04:44:23][DB:users][info]: SELECT * FROM `users` WHERE  `id` = '8'  ;  
[2021-07-29 04:45:26][DB:users][info]: SELECT * FROM `users` WHERE  `id` = '8'  ;  
[2021-07-29 04:45:32][DB:users][info]: SELECT * FROM `users` WHERE  `id` = '8'  ;  
[2021-07-29 04:46:01][DB:users][info]: SELECT * FROM `users` ;  
[2021-07-29 04:46:04][DB:users][info]: SELECT * FROM `users` WHERE  `id` = '2'  ;  
[2021-07-29 04:47:11][DB:users][info]: SELECT * FROM `users` WHERE  `id` = '2'  ;  
[2021-07-29 04:47:45][DB:users][info]: SELECT * FROM `users` WHERE  `id` = '1'  ;  
[2021-07-29 04:48:36][DB:users][info]: SELECT * FROM `users` WHERE  `id` = '1'  ;  
[2021-07-29 04:48:47][DB:users][info]: SELECT * FROM `users` WHERE  `id` = '2'  ;  
[2021-07-29 04:49:28][DB:users][info]: SELECT * FROM `users` WHERE  `id` = '2'  ;  
[2021-07-29 04:49:34][DB:users][info]: SELECT * FROM `users` WHERE  `id` = '2'  ;  
[2021-07-29 04:49:40][DB:users][info]: SELECT * FROM `users` WHERE  `id` = '7'  ;  
[2021-07-29 04:49:43][DB:users][info]: SELECT * FROM `users` WHERE  `id` = '1'  ;  
[2021-07-29 04:49:50][DB:m_cat][info]: SELECT * FROM `m_cat` ;  
[2021-07-29 04:51:02][DB:m_cat][info]: SELECT * FROM `m_cat` ;  
[2021-07-29 04:51:08][DB:m_cat][info]: SELECT * FROM `m_cat` WHERE  `id` = '116'  ;  
[2021-07-29 04:51:12][DB:m_cat][info]: SELECT * FROM `m_cat` WHERE  `id` = '114'  ;  
[2021-07-29 04:51:16][DB:m_cat][info]: SELECT * FROM `m_cat` WHERE  `id` = '110'  ;  
[2021-07-29 04:51:22][DB:m_cat][info]: SELECT * FROM `m_cat` WHERE  `id` = '111'  ;  
[2021-07-29 04:52:05][DB:m_cat][info]: SELECT * FROM `m_cat` ;  
[2021-07-29 04:52:07][DB:m_cat][info]: SELECT * FROM `m_cat` WHERE  `id` = '116'  ;  
[2021-07-29 04:52:12][DB:m_cat][info]: SELECT * FROM `m_cat` WHERE  `id` = '113'  ;  
[2021-07-29 04:52:16][DB:m_cat][info]: SELECT * FROM `m_cat` WHERE  `id` = '98'  ;  
[2021-07-29 04:52:19][DB:m_cat][info]: SELECT * FROM `m_cat` WHERE  `id` = '92'  ;  
[2021-07-29 04:52:31][DB:m_cat][info]: SELECT * FROM `m_cat` WHERE  `id` = '110'  ;  
[2021-07-29 04:54:21][DB:m_cat][info]: SELECT * FROM `m_cat` WHERE  `id` = '135'  ;  
[2021-07-29 05:01:34][DB:users][info]: SELECT * FROM `users` WHERE  `id` = '1'  ;  
[2021-07-29 05:01:45][DB:users][info]: SELECT * FROM `users` ;  
[2021-07-29 05:01:48][DB:users][info]: SELECT * FROM `users` WHERE  `id` = '7'  ;  
[2021-07-29 05:01:59][DB:users][info]: SELECT * FROM `users` ;  
